<?xml version="1.0" encoding="UTF-8"?>
<!-- Generated by org.testng.reporters.JUnitReportReporter -->
<testsuite skipped="0" hostname="DESKTOP-B2MH9QE" name="com.AmazonDataDriven.TestNG_test1" tests="1" failures="0" timestamp="02 Feb 2018 14:59:02 GMT" time="0.007" errors="0">
  <testcase name="f" time="0.007" classname="com.AmazonDataDriven.TestNG_test1"/>
</testsuite> <!-- com.AmazonDataDriven.TestNG_test1 -->
